<?xml version="1.0" encoding="UTF-8"?>
<testng-results ignored="0" total="3" passed="3" failed="0" skipped="0">
  <reporter-output>
  </reporter-output>
  <suite started-at="2023-09-15T21:00:43 IST" name="Suite" finished-at="2023-09-15T21:00:44 IST" duration-ms="630">
    <groups>
    </groups>
    <test started-at="2023-09-15T21:00:43 IST" name="Test" finished-at="2023-09-15T21:00:44 IST" duration-ms="630">
      <class name="testcases.LoginModule">
        <test-method signature="testcase1()[pri:0, instance:testcases.LoginModule@740cae06]" started-at="2023-09-15T21:00:43 IST" name="testcase1" finished-at="2023-09-15T21:00:44 IST" duration-ms="525" status="PASS">
          <reporter-output>
          </reporter-output>
        </test-method> <!-- testcase1 -->
        <test-method signature="testcase2()[pri:0, instance:testcases.LoginModule@740cae06]" started-at="2023-09-15T21:00:44 IST" name="testcase2" finished-at="2023-09-15T21:00:44 IST" duration-ms="2" status="PASS">
          <reporter-output>
          </reporter-output>
        </test-method> <!-- testcase2 -->
        <test-method signature="testcase3()[pri:0, instance:testcases.LoginModule@740cae06]" started-at="2023-09-15T21:00:44 IST" name="testcase3" finished-at="2023-09-15T21:00:44 IST" duration-ms="2" status="PASS">
          <reporter-output>
          </reporter-output>
        </test-method> <!-- testcase3 -->
      </class> <!-- testcases.LoginModule -->
    </test> <!-- Test -->
  </suite> <!-- Suite -->
</testng-results>
