<?xml version="1.0" encoding="UTF-8"?>
<!-- Generated by org.testng.reporters.JUnitXMLReporter -->
<testsuite ignored="0" hostname="DESKTOP-66BAJ88" failures="0" tests="3" name="Default test" time="0.15" errors="0" timestamp="2023-09-15T20:07:55 IST">
  <testcase classname="testcases.LoginModule" name="testcase1" time="0.011"/>
  <testcase classname="testcases.LoginModule" name="testcase2" time="0.001"/>
  <testcase classname="testcases.LoginModule" name="testcase3" time="0.002"/>
</testsuite> <!-- Default test -->
